<?xml version="1.0" encoding="UTF-8"?>
<!-- Generated by org.testng.reporters.JUnitXMLReporter -->
<testsuite hostname="Ajit-PC" ignored="0" name="TestFF" tests="1" failures="1" timestamp="18 Feb 2019 12:15:12 GMT" time="0.051" errors="0">
  <testcase name="testB" time="0.0" classname="SeleniumGrid.Grid2">
    <failure type="org.testng.TestNGException" message="
Parameter &amp;apos;node&amp;apos; is required by @Test on method testB but has not been marked @Optional or defined
in D:\Javawork\grid\testng.xml">
      <![CDATA[org.testng.TestNGException: 
Parameter 'node' is required by @Test on method testB but has not been marked @Optional or defined
in D:\Javawork\grid\testng.xml
at java.util.concurrent.FutureTask.run(Unknown Source)
at java.util.concurrent.ThreadPoolExecutor.runWorker(Unknown Source)
at java.util.concurrent.ThreadPoolExecutor$Worker.run(Unknown Source)
at java.lang.Thread.run(Unknown Source)
... Removed 15 stack frames]]>
    </failure>
  </testcase> <!-- testB -->
</testsuite> <!-- TestFF -->
