<?xml version="1.0" encoding="UTF-8"?>
<!-- Generated by org.testng.reporters.JUnitXMLReporter -->
<testsuite hostname="Ajit-PC" ignored="0" name="TestGC" tests="1" failures="1" timestamp="18 Feb 2019 12:13:11 GMT" time="0.007" errors="0">
  <testcase name="testB" time="0.0" classname="SeleniumGrid.Grid2">
    <failure type="org.testng.TestNGException" message="
Parameter &amp;apos;node&amp;apos; is required by @Test on method testB but has not been marked @Optional or defined
in D:\Javawork\grid\testng.xml">
      <![CDATA[org.testng.TestNGException: 
Parameter 'node' is required by @Test on method testB but has not been marked @Optional or defined
in D:\Javawork\grid\testng.xml
... Removed 24 stack frames]]>
    </failure>
  </testcase> <!-- testB -->
</testsuite> <!-- TestGC -->
